<?xml version="1.0" encoding="UTF-8"?>
<!-- Generated by org.testng.reporters.JUnitReportReporter -->
<testsuite skipped="0" hostname="DESKTOP-QDLMN8O" name="org.testng.TestngSuite1" tests="2" failures="0" timestamp="19 Jul 2023 15:39:52 GMT" time="4.870" errors="0">
  <testcase name="tc05" time="2.599" classname="org.testng.TestngSuite1"/>
  <testcase name="tc05" time="2.271" classname="org.testng.TestngSuite1"/>
</testsuite> <!-- org.testng.TestngSuite1 -->
