<?xml version="1.0" encoding="UTF-8"?>
<!-- Generated by org.testng.reporters.JUnitReportReporter -->
<testsuite skipped="0" hostname="DESKTOP-QDLMN8O" name="org.testng.RedBus" tests="1" failures="0" timestamp="23 Jul 2023 17:41:52 GMT" time="3.446" errors="0">
  <testcase name="login" time="3.446" classname="org.testng.RedBus"/>
</testsuite> <!-- org.testng.RedBus -->
