<?xml version="1.0" encoding="UTF-8"?>
<!-- Generated by org.testng.reporters.JUnitReportReporter -->
<testsuite skipped="0" hostname="DESKTOP-QDLMN8O" name="org.testng.DemoqaSample" tests="1" failures="0" timestamp="23 Jul 2023 17:44:35 GMT" time="5.919" errors="0">
  <testcase name="login" time="5.919" classname="org.testng.DemoqaSample"/>
</testsuite> <!-- org.testng.DemoqaSample -->
