<?xml version="1.0" encoding="UTF-8"?>
<!-- Generated by org.testng.reporters.JUnitReportReporter -->
<testsuite skipped="0" hostname="DESKTOP-QDLMN8O" name="org.testng.TestngSample" tests="1" failures="0" timestamp="16 Jul 2023 16:33:59 GMT" time="2.437" errors="0">
  <testcase name="tc05" time="2.437" classname="org.testng.TestngSample"/>
</testsuite> <!-- org.testng.TestngSample -->
