<?xml version="1.0" encoding="UTF-8"?>
<!-- Generated by org.testng.reporters.JUnitReportReporter -->
<testsuite skipped="0" hostname="DESKTOP-QDLMN8O" name="org.pom.Sample" tests="2" failures="0" timestamp="17 Jul 2023 06:13:46 GMT" time="4.690" errors="0">
  <testcase name="loginPage" time="2.461" classname="org.pom.Sample"/>
  <testcase name="bookHotel" time="2.229" classname="org.pom.Sample"/>
</testsuite> <!-- org.pom.Sample -->
