<?xml version="1.0" encoding="UTF-8"?>
<!-- Generated by org.testng.reporters.JUnitReportReporter -->
<testsuite skipped="0" hostname="DESKTOP-QDLMN8O" name="org.testng.TestngSuite2" tests="6" failures="0" timestamp="19 Jul 2023 15:39:52 GMT" time="0.029" errors="0">
  <testcase name="tc07" time="0.006" classname="org.testng.TestngSuite2"/>
  <testcase name="tc07" time="0.004" classname="org.testng.TestngSuite2"/>
  <testcase name="tc06" time="0.006" classname="org.testng.TestngSuite2"/>
  <testcase name="tc06" time="0.004" classname="org.testng.TestngSuite2"/>
  <testcase name="tc05" time="0.002" classname="org.testng.TestngSuite2"/>
  <testcase name="tc05" time="0.007" classname="org.testng.TestngSuite2"/>
</testsuite> <!-- org.testng.TestngSuite2 -->
