<?xml version="1.0" encoding="UTF-8"?>
<!-- Generated by org.testng.reporters.JUnitReportReporter -->
<testsuite skipped="0" hostname="DESKTOP-QDLMN8O" name="org.testng.FaceBook" tests="1" failures="0" timestamp="23 Jul 2023 17:38:49 GMT" time="2.247" errors="0">
  <testcase name="login" time="2.247" classname="org.testng.FaceBook"/>
</testsuite> <!-- org.testng.FaceBook -->
