<?xml version="1.0" encoding="UTF-8"?>
<!-- Generated by org.testng.reporters.JUnitReportReporter -->
<testsuite skipped="0" hostname="DESKTOP-QDLMN8O" name="org.testng.Koenig" tests="1" failures="0" timestamp="23 Jul 2023 17:47:44 GMT" time="2.378" errors="0">
  <testcase name="login" time="2.378" classname="org.testng.Koenig"/>
</testsuite> <!-- org.testng.Koenig -->
